****************************************
 Report : check_design
 Options: { pre_placement_stage }
 Design : i2c_master_top
 Version: V-2023.12
 Date   : Wed May 15 22:37:58 2024
****************************************

****************************************
Report : Data Mismatches
Version: V-2023.12
Date   : Wed May 15 22:37:58 2024
****************************************
No mismatches exist on the design.
1
1
Information: There are no relative placement groups in the design. (NDMUI-173)
1
1

  *** EMS Message summary ***
  ----------------------------------------------------------------------------------------------------
  Rule         Type   Count      Message
  ----------------------------------------------------------------------------------------------------
  DFT-011      Info   1          The design has no scan chain defined in the scandef.
  DMM-105      Info   30         Mismatch type %mmtype is detected on object type %objtype at obj...
  ----------------------------------------------------------------------------------------------------
  Total 31 EMS messages : 0 errors, 0 warnings, 31 info.
  ----------------------------------------------------------------------------------------------------

  *** Non-EMS message summary *** 
  ----------------------------------------------------------------------------------------------------
   Rule         Type   Count      Message
  ----------------------------------------------------------------------------------------------------
     NDMUI-173   Info          1 There are no relative placement groups in the design.
  ----------------------------------------------------------------------------------------------------
  Total 1 non-EMS messages : 0 errors, 0 warnings, 1 info.
  ----------------------------------------------------------------------------------------------------
